2015/02/25 00:44:52 [error] [php] Undefined index: url (C:\xampp\htdocs\site.local\www\material\protected\views\material\_form.php:36)
Stack trace:
#0 C:\xampp\htdocs\site.local\www\framework\web\CController.php(869): MaterialController->renderFile()
#1 C:\xampp\htdocs\site.local\www\material\protected\views\material\create.php(18): MaterialController->renderPartial()
#2 C:\xampp\htdocs\site.local\www\framework\web\CBaseController.php(126): require()
#3 C:\xampp\htdocs\site.local\www\framework\web\CBaseController.php(95): MaterialController->renderInternal()
#4 C:\xampp\htdocs\site.local\www\framework\web\CController.php(869): MaterialController->renderFile()
#5 C:\xampp\htdocs\site.local\www\framework\web\CController.php(782): MaterialController->renderPartial()
#6 C:\xampp\htdocs\site.local\www\material\protected\controllers\MaterialController.php(79): MaterialController->render()
#7 C:\xampp\htdocs\site.local\www\framework\web\actions\CInlineAction.php(49): MaterialController->actionCreate()
#8 C:\xampp\htdocs\site.local\www\framework\web\CController.php(308): CInlineAction->runWithParams()
#9 C:\xampp\htdocs\site.local\www\framework\web\filters\CFilterChain.php(133): MaterialController->runAction()
#10 C:\xampp\htdocs\site.local\www\framework\web\filters\CFilter.php(40): CFilterChain->run()
#11 C:\xampp\htdocs\site.local\www\framework\web\CController.php(1145): CAccessControlFilter->filter()
#12 C:\xampp\htdocs\site.local\www\framework\web\filters\CInlineFilter.php(58): MaterialController->filterAccessControl()
#13 C:\xampp\htdocs\site.local\www\framework\web\filters\CFilterChain.php(130): CInlineFilter->filter()
#14 C:\xampp\htdocs\site.local\www\framework\web\CController.php(291): CFilterChain->run()
#15 C:\xampp\htdocs\site.local\www\framework\web\CController.php(265): MaterialController->runActionWithFilters()
#16 C:\xampp\htdocs\site.local\www\framework\web\CWebApplication.php(282): MaterialController->run()
#17 C:\xampp\htdocs\site.local\www\framework\web\CWebApplication.php(141): CWebApplication->runController()
#18 C:\xampp\htdocs\site.local\www\framework\base\CApplication.php(184): CWebApplication->processRequest()
#19 C:\xampp\htdocs\site.local\www\material\index.php(13): CWebApplication->run()
REQUEST_URI=/material/index.php/material/create
in C:\xampp\htdocs\site.local\www\material\protected\views\material\_form.php (36)
in C:\xampp\htdocs\site.local\www\material\protected\views\material\create.php (18)
in C:\xampp\htdocs\site.local\www\material\protected\controllers\MaterialController.php (79)
2015/02/25 00:53:18 [error] [php] Illegal string offset 'name' (C:\xampp\htdocs\site.local\www\framework\web\helpers\CHtml.php:2657)
Stack trace:
#0 C:\xampp\htdocs\site.local\www\material\protected\views\material\_form.php(36): CActiveForm->textField()
#1 C:\xampp\htdocs\site.local\www\framework\web\CBaseController.php(126): require()
#2 C:\xampp\htdocs\site.local\www\framework\web\CBaseController.php(95): MaterialController->renderInternal()
#3 C:\xampp\htdocs\site.local\www\framework\web\CController.php(869): MaterialController->renderFile()
#4 C:\xampp\htdocs\site.local\www\material\protected\views\material\create.php(18): MaterialController->renderPartial()
#5 C:\xampp\htdocs\site.local\www\framework\web\CBaseController.php(126): require()
#6 C:\xampp\htdocs\site.local\www\framework\web\CBaseController.php(95): MaterialController->renderInternal()
#7 C:\xampp\htdocs\site.local\www\framework\web\CController.php(869): MaterialController->renderFile()
#8 C:\xampp\htdocs\site.local\www\framework\web\CController.php(782): MaterialController->renderPartial()
#9 C:\xampp\htdocs\site.local\www\material\protected\controllers\MaterialController.php(79): MaterialController->render()
#10 C:\xampp\htdocs\site.local\www\framework\web\actions\CInlineAction.php(49): MaterialController->actionCreate()
#11 C:\xampp\htdocs\site.local\www\framework\web\CController.php(308): CInlineAction->runWithParams()
#12 C:\xampp\htdocs\site.local\www\framework\web\filters\CFilterChain.php(133): MaterialController->runAction()
#13 C:\xampp\htdocs\site.local\www\framework\web\filters\CFilter.php(40): CFilterChain->run()
#14 C:\xampp\htdocs\site.local\www\framework\web\CController.php(1145): CAccessControlFilter->filter()
#15 C:\xampp\htdocs\site.local\www\framework\web\filters\CInlineFilter.php(58): MaterialController->filterAccessControl()
#16 C:\xampp\htdocs\site.local\www\framework\web\filters\CFilterChain.php(130): CInlineFilter->filter()
#17 C:\xampp\htdocs\site.local\www\framework\web\CController.php(291): CFilterChain->run()
#18 C:\xampp\htdocs\site.local\www\framework\web\CController.php(265): MaterialController->runActionWithFilters()
#19 C:\xampp\htdocs\site.local\www\framework\web\CWebApplication.php(282): MaterialController->run()
#20 C:\xampp\htdocs\site.local\www\framework\web\CWebApplication.php(141): CWebApplication->runController()
#21 C:\xampp\htdocs\site.local\www\framework\base\CApplication.php(184): CWebApplication->processRequest()
#22 C:\xampp\htdocs\site.local\www\material\index.php(13): CWebApplication->run()
REQUEST_URI=/material/index.php/material/create
in C:\xampp\htdocs\site.local\www\material\protected\views\material\_form.php (36)
in C:\xampp\htdocs\site.local\www\material\protected\views\material\create.php (18)
in C:\xampp\htdocs\site.local\www\material\protected\controllers\MaterialController.php (79)
